<?xml version="1.0" encoding="UTF-8"?>
<!-- Generated by org.testng.reporters.JUnitXMLReporter -->
<testsuite ignored="0" hostname="LAPTOP-469NF3J6" failures="0" tests="3" name="Test2" time="158.421" errors="0" timestamp="2025-08-04T18:24:52 IST">
  <testcase classname="Campaign.CampaignTest" name="toCreateCampaignWithExpectedDateTest" time="9.519"/>
  <testcase classname="Campaign.CampaignTest" name="toCreateCampaignWithMandatoryFieldsTest" time="4.09"/>
  <testcase classname="Campaign.CampaignTest" name="toCreateCampaignWithStatusTest" time="3.618"/>
</testsuite> <!-- Test2 -->
