<?xml version="1.0" encoding="UTF-8"?>
<!-- Generated by org.testng.reporters.JUnitXMLReporter -->
<testsuite ignored="4" hostname="LAPTOP-469NF3J6" failures="0" tests="2" name="Test" time="66.902" errors="0" timestamp="2025-08-04T18:02:58 IST">
  <testcase classname="Product.ProductTest" name="toCreateProductWithMandatoryFieldsTest" time="6.11"/>
  <testcase classname="Campaign.CampaignTest" name="toCreateCampaignWithStatusTest" time="2.738"/>
  <testcase classname="BaseTest.BaseClass" name="@BeforeSuite beforeSuite" time="0.0">
    <ignored/>
  </testcase> <!-- @BeforeSuite beforeSuite -->
  <testcase classname="Campaign.CampaignTest" name="toCreateCampaignWithMandatoryFieldsTest" time="0.0">
    <ignored/>
  </testcase> <!-- toCreateCampaignWithMandatoryFieldsTest -->
  <testcase classname="BaseTest.BaseClass" name="@AfterSuite afterSuite" time="0.0">
    <ignored/>
  </testcase> <!-- @AfterSuite afterSuite -->
  <testcase classname="Campaign.CampaignTest" name="toCreateCampaignWithExpectedDateTest" time="0.0">
    <ignored/>
  </testcase> <!-- toCreateCampaignWithExpectedDateTest -->
</testsuite> <!-- Test -->
